<?xml version="1.0" encoding="UTF-8"?>
<!-- Generated by org.testng.reporters.JUnitXMLReporter -->
<testsuite ignored="3" hostname="LAPTOP-9H2JONG2" failures="0" tests="4" name="test" time="0.075" errors="0" timestamp="2025-02-05T11:04:03 IST">
  <testcase classname="groupTests.NewTests" name="test1" time="0.008"/>
  <testcase classname="groupTests.NewTests" name="test2" time="0.001"/>
  <testcase classname="groupTests.NewTests2" name="test4" time="0.0"/>
  <testcase classname="groupTests.NewTests2" name="test5" time="0.002"/>
  <testcase classname="groupTests.NewTests2" name="test7" time="0.0">
    <ignored/>
  </testcase> <!-- test7 -->
  <testcase classname="groupTests.NewTests2" name="test6" time="0.0">
    <ignored/>
  </testcase> <!-- test6 -->
  <testcase classname="groupTests.NewTests" name="test3" time="0.0">
    <ignored/>
  </testcase> <!-- test3 -->
</testsuite> <!-- test -->
