<?xml version="1.0" encoding="UTF-8"?>
<!-- Generated by org.testng.reporters.JUnitXMLReporter -->
<testsuite ignored="1" hostname="LAPTOP-9H2JONG2" failures="0" tests="4" name="verifyLogoutTest" time="7.029" errors="0" timestamp="2025-01-24T13:05:32 IST">
  <testcase classname="testNgPractice.PracticeTestAutomation" name="launchApp" time="1.989"/>
  <testcase classname="testNgPractice.PracticeTestAutomation" name="enterLoginDetails" time="0.911"/>
  <testcase classname="testNgPractice.PracticeTestAutomation" name="logout" time="0.141"/>
  <testcase classname="testNgPractice.PracticeTestAutomation" name="verifyLogout" time="0.014"/>
  <testcase classname="testNgPractice.PracticeTestAutomation" name="verifyLogin" time="0.0">
    <ignored/>
  </testcase> <!-- verifyLogin -->
</testsuite> <!-- verifyLogoutTest -->
