<?xml version="1.0" encoding="UTF-8"?>
<!-- Generated by org.testng.reporters.JUnitXMLReporter -->
<testsuite ignored="2" hostname="LAPTOP-9H2JONG2" failures="0" tests="3" name="verifyLoginTest" time="8.555" errors="0" timestamp="2025-01-24T13:05:25 IST">
  <testcase classname="testNgPractice.PracticeTestAutomation" name="launchApp" time="1.886"/>
  <testcase classname="testNgPractice.PracticeTestAutomation" name="enterLoginDetails" time="0.863"/>
  <testcase classname="testNgPractice.PracticeTestAutomation" name="verifyLogin" time="0.055"/>
  <testcase classname="testNgPractice.PracticeTestAutomation" name="verifyLogout" time="0.0">
    <ignored/>
  </testcase> <!-- verifyLogout -->
  <testcase classname="testNgPractice.PracticeTestAutomation" name="logout" time="0.0">
    <ignored/>
  </testcase> <!-- logout -->
</testsuite> <!-- verifyLoginTest -->
