<?xml version="1.0" encoding="UTF-8"?>
<!-- Generated by org.testng.reporters.JUnitXMLReporter -->
<testsuite ignored="1" hostname="LAPTOP-9H2JONG2" failures="0" tests="4" name="verifyLogoutTest" time="6.718" errors="0" timestamp="2025-01-28T19:03:46 IST">
  <testcase classname="testNgPractice.ParametersDemo" name="launchApp" time="2.035"/>
  <testcase classname="testNgPractice.ParametersDemo" name="enterLoginDetails" time="1.227"/>
  <testcase classname="testNgPractice.ParametersDemo" name="logout" time="0.215"/>
  <testcase classname="testNgPractice.ParametersDemo" name="verifyLogout" time="0.024"/>
  <testcase classname="testNgPractice.ParametersDemo" name="verifyLogin" time="0.0">
    <ignored/>
  </testcase> <!-- verifyLogin -->
</testsuite> <!-- verifyLogoutTest -->
