<?xml version="1.0" encoding="UTF-8"?>
<!-- Generated by org.testng.reporters.JUnitXMLReporter -->
<testsuite ignored="2" hostname="LAPTOP-9H2JONG2" failures="0" tests="3" name="verifyLoginTest" time="8.996" errors="0" timestamp="2025-01-28T19:11:42 IST">
  <testcase classname="testNgPractice.ParametersDemo" name="launchApp" time="1.987"/>
  <testcase classname="testNgPractice.ParametersDemo" name="enterLoginDetails" time="1.111"/>
  <testcase classname="testNgPractice.ParametersDemo" name="verifyLogin" time="0.09"/>
  <testcase classname="testNgPractice.ParametersDemo" name="logout" time="0.0">
    <ignored/>
  </testcase> <!-- logout -->
  <testcase classname="testNgPractice.ParametersDemo" name="verifyLogout" time="0.0">
    <ignored/>
  </testcase> <!-- verifyLogout -->
</testsuite> <!-- verifyLoginTest -->
