<?xml version="1.0" encoding="UTF-8"?>
<testng-results ignored="0" total="6" passed="6" failed="0" skipped="0">
  <reporter-output>
  </reporter-output>
  <suite started-at="2025-02-05T12:23:23 IST" name="Suite" finished-at="2025-02-05T12:23:23 IST" duration-ms="79">
    <groups>
      <group name="regression">
        <method signature="DependencyOnGroups.test5()[pri:0, instance:dependencyTests.DependencyOnGroups@76a4ebf2]" name="test5" class="dependencyTests.DependencyOnGroups"/>
        <method signature="DependencyOnGroups.test6()[pri:0, instance:dependencyTests.DependencyOnGroups@76a4ebf2]" name="test6" class="dependencyTests.DependencyOnGroups"/>
      </group> <!-- regression -->
      <group name="smoke">
        <method signature="DependencyOnGroups.test1()[pri:0, instance:dependencyTests.DependencyOnGroups@76a4ebf2]" name="test1" class="dependencyTests.DependencyOnGroups"/>
        <method signature="DependencyOnGroups.test2()[pri:0, instance:dependencyTests.DependencyOnGroups@76a4ebf2]" name="test2" class="dependencyTests.DependencyOnGroups"/>
        <method signature="DependencyOnGroups.test3()[pri:0, instance:dependencyTests.DependencyOnGroups@76a4ebf2]" name="test3" class="dependencyTests.DependencyOnGroups"/>
      </group> <!-- smoke -->
      <group name="sanity">
        <method signature="DependencyOnGroups.test4()[pri:0, instance:dependencyTests.DependencyOnGroups@76a4ebf2]" name="test4" class="dependencyTests.DependencyOnGroups"/>
      </group> <!-- sanity -->
    </groups>
    <test started-at="2025-02-05T12:23:23 IST" name="dependsongroups" finished-at="2025-02-05T12:23:23 IST" duration-ms="79">
      <class name="dependencyTests.DependencyOnGroups">
        <test-method signature="test5()[pri:0, instance:dependencyTests.DependencyOnGroups@76a4ebf2]" started-at="2025-02-05T12:23:23 IST" name="test5" finished-at="2025-02-05T12:23:23 IST" duration-ms="7" status="PASS">
          <reporter-output>
          </reporter-output>
        </test-method> <!-- test5 -->
        <test-method signature="test6()[pri:0, instance:dependencyTests.DependencyOnGroups@76a4ebf2]" started-at="2025-02-05T12:23:23 IST" name="test6" finished-at="2025-02-05T12:23:23 IST" duration-ms="1" status="PASS">
          <reporter-output>
          </reporter-output>
        </test-method> <!-- test6 -->
        <test-method signature="test4()[pri:0, instance:dependencyTests.DependencyOnGroups@76a4ebf2]" started-at="2025-02-05T12:23:23 IST" name="test4" depends-on-groups="regression" finished-at="2025-02-05T12:23:23 IST" duration-ms="1" status="PASS">
          <reporter-output>
          </reporter-output>
        </test-method> <!-- test4 -->
        <test-method signature="test1()[pri:0, instance:dependencyTests.DependencyOnGroups@76a4ebf2]" started-at="2025-02-05T12:23:23 IST" name="test1" depends-on-groups="sanity" finished-at="2025-02-05T12:23:23 IST" duration-ms="1" status="PASS">
          <reporter-output>
          </reporter-output>
        </test-method> <!-- test1 -->
        <test-method signature="test2()[pri:0, instance:dependencyTests.DependencyOnGroups@76a4ebf2]" started-at="2025-02-05T12:23:23 IST" name="test2" depends-on-groups="sanity" finished-at="2025-02-05T12:23:23 IST" duration-ms="1" status="PASS">
          <reporter-output>
          </reporter-output>
        </test-method> <!-- test2 -->
        <test-method signature="test3()[pri:0, instance:dependencyTests.DependencyOnGroups@76a4ebf2]" started-at="2025-02-05T12:23:23 IST" name="test3" depends-on-groups="sanity" finished-at="2025-02-05T12:23:23 IST" duration-ms="1" status="PASS">
          <reporter-output>
          </reporter-output>
        </test-method> <!-- test3 -->
      </class> <!-- dependencyTests.DependencyOnGroups -->
    </test> <!-- dependsongroups -->
  </suite> <!-- Suite -->
</testng-results>
